GROUP,PACKAGE,CLASS,INSTRUCTION_MISSED,INSTRUCTION_COVERED,BRANCH_MISSED,BRANCH_COVERED,LINE_MISSED,LINE_COVERED,COMPLEXITY_MISSED,COMPLEXITY_COVERED,METHOD_MISSED,METHOD_COVERED
javadaejang,com.java.inflearnJava,Masulsa,16,0,0,0,5,0,2,0,2,0
javadaejang,com.java.inflearnJava,MasulsaAgent,22,0,0,0,5,0,3,0,3,0
javadaejang,com.java.inflearnJava,Moim,4,13,2,2,2,4,2,2,0,2
javadaejang,com.java.inflearnJava,Moja,5,0,0,0,2,0,2,0,2,0
javadaejang,com.java.effectiveJava.item13,Sub,0,23,0,0,0,8,0,3,0,3
javadaejang,com.java.effectiveJava.item13,HashTable.Entry,63,0,4,0,10,0,5,0,3,0
javadaejang,com.java.effectiveJava.item13,IsArrayCopyIsDeepCopy,6,48,0,0,3,9,1,3,1,3
javadaejang,com.java.effectiveJava.item13,HashTable,7,0,0,0,2,0,2,0,2,0
javadaejang,com.java.effectiveJava.item13,Stack,80,0,4,0,18,0,7,0,5,0
javadaejang,com.java.effectiveJava.item13,Sup,9,12,0,0,4,5,1,2,1,2
javadaejang,com.java.effectiveJava.item13,Item13,19,0,0,0,6,0,4,0,4,0
javadaejang,com.java.effectiveJava.item17,ForwardingSet,34,0,0,0,17,0,15,0,15,0
javadaejang,com.java.effectiveJava.item17,Complex,43,0,0,0,8,0,5,0,5,0
