-------------------------------------------------------------------------------
Test set: com.java.inflearnJava.di.BookServiceTest
-------------------------------------------------------------------------------
Tests run: 1, Failures: 0, Errors: 1, Skipped: 0, Time elapsed: 0.842 s <<< FAILURE! - in com.java.inflearnJava.di.BookServiceTest
initializationError(com.java.inflearnJava.di.BookServiceTest)  Time elapsed: 0.009 s  <<< ERROR!
java.lang.IllegalStateException: Unable to find a @SpringBootConfiguration, you need to use @ContextConfiguration or @SpringBootTest(classes=...) with your test

